------------------------------------------------------------------------
r16 | example | 2011-08-02 20:38:33 +0700 (Sel, 02 Agu 2011) | 1 line

added image folder duplicate
------------------------------------------------------------------------
r15 | example | 2011-08-02 20:37:52 +0700 (Sel, 02 Agu 2011) | 1 line

bug fix | rating image photos
css
------------------------------------------------------------------------
r14 | thenewguy | 2011-08-02 20:37:11 +0700 (Sel, 02 Agu 2011) | 1 line

bug fix | rating image photos
------------------------------------------------------------------------
r13 | lorem | 2011-08-02 20:36:43 +0700 (Sel, 02 Agu 2011) | 1 line

bug fix | rating
------------------------------------------------------------------------
r12 | lorem | 2011-08-02 20:36:13 +0700 (Sel, 02 Agu 2011) | 1 line

added new module rating
------------------------------------------------------------------------
r11 | thenewguy | 2011-08-02 20:35:37 +0700 (Sel, 02 Agu 2011) | 1 line

added new module post
------------------------------------------------------------------------
r10 | thenewguy | 2011-08-02 20:35:25 +0700 (Sel, 02 Agu 2011) | 1 line

added new module comment
------------------------------------------------------------------------
r9 | thenewguy | 2011-08-01 16:46:13 +0700 (Sen, 01 Agu 2011) | 1 line

added new module oyeah
------------------------------------------------------------------------
r8 | example | 2011-08-01 16:45:49 +0700 (Sen, 01 Agu 2011) | 1 line

svn log to database bug fix mongo elastic
------------------------------------------------------------------------
r7 | example | 2011-08-01 16:43:38 +0700 (Sen, 01 Agu 2011) | 1 line

the message example
------------------------------------------------------------------------
r6 | example | 2011-08-01 16:42:24 +0700 (Sen, 01 Agu 2011) | 1 line

add fiture one
and try multiple line
------------------------------------------------------------------------
r5 | lorem | 2011-07-29 02:52:51 +0700 (Jum, 29 Jul 2011) | 2 lines

after move the folder
update the database
------------------------------------------------------------------------
r4 | example | 2011-07-29 02:52:33 +0700 (Jum, 29 Jul 2011) | 1 line

just example fiture
------------------------------------------------------------------------
r3 | lorem | 2011-07-29 02:52:10 +0700 (Jum, 29 Jul 2011) | 1 line

duplicated the bigest folder
------------------------------------------------------------------------
r2 | lorem | 2011-07-29 02:47:57 +0700 (Jum, 29 Jul 2011) | 1 line

fresh commit
------------------------------------------------------------------------
r1 | VisualSVN Server | 2011-07-29 01:59:48 +0700 (Jum, 29 Jul 2011) | 1 line

initial structure
------------------------------------------------------------------------